app/build/intermediates/manifest_merge_blame_file/debug/manifest-merger-blame-debug-report.txt
1<?xml version="1.0" encoding="utf-8"?>
2<manifest xmlns:android="http://schemas.android.com/apk/res/android"
3    package="com.smartsleep.alarm"
4    android:versionCode="1"
5    android:versionName="1.0" >
6
7    <uses-sdk
8        android:minSdkVersion="30"
9        android:targetSdkVersion="34" />
10
11    <!-- Health and Sensor Permissions -->
12    <uses-permission android:name="android.permission.BODY_SENSORS" />
12-->src\main\AndroidManifest.xml:6:5-71
12-->src\main\AndroidManifest.xml:6:22-68
13    <uses-permission android:name="android.permission.BODY_SENSORS_BACKGROUND" />
13-->src\main\AndroidManifest.xml:7:5-82
13-->src\main\AndroidManifest.xml:7:22-79
14    <uses-permission android:name="android.permission.ACTIVITY_RECOGNITION" />
14-->src\main\AndroidManifest.xml:8:5-79
14-->src\main\AndroidManifest.xml:8:22-76
15
16    <!-- Background and Alarm Permissions -->
17    <uses-permission android:name="android.permission.FOREGROUND_SERVICE" />
17-->src\main\AndroidManifest.xml:11:5-77
17-->src\main\AndroidManifest.xml:11:22-74
18    <uses-permission android:name="android.permission.FOREGROUND_SERVICE_HEALTH" />
18-->src\main\AndroidManifest.xml:12:5-84
18-->src\main\AndroidManifest.xml:12:22-81
19    <uses-permission android:name="android.permission.WAKE_LOCK" />
19-->src\main\AndroidManifest.xml:13:5-68
19-->src\main\AndroidManifest.xml:13:22-65
20    <uses-permission android:name="android.permission.SCHEDULE_EXACT_ALARM" />
20-->src\main\AndroidManifest.xml:14:5-79
20-->src\main\AndroidManifest.xml:14:22-76
21    <uses-permission android:name="android.permission.POST_NOTIFICATIONS" />
21-->src\main\AndroidManifest.xml:15:5-77
21-->src\main\AndroidManifest.xml:15:22-74
22    <uses-permission android:name="android.permission.RECEIVE_BOOT_COMPLETED" />
22-->src\main\AndroidManifest.xml:16:5-81
22-->src\main\AndroidManifest.xml:16:22-78
23    <uses-permission android:name="android.permission.VIBRATE" />
23-->src\main\AndroidManifest.xml:17:5-66
23-->src\main\AndroidManifest.xml:17:22-63
24
25    <uses-feature android:name="android.hardware.type.watch" />
25-->src\main\AndroidManifest.xml:19:5-64
25-->src\main\AndroidManifest.xml:19:19-61
26
27    <queries>
27-->[androidx.health:health-services-client:1.1.0-alpha02] AndroidManifest.xml:19:5-21:15
28        <package android:name="com.google.android.wearable.healthservices" />
28-->[androidx.health:health-services-client:1.1.0-alpha02] AndroidManifest.xml:20:9-78
28-->[androidx.health:health-services-client:1.1.0-alpha02] AndroidManifest.xml:20:18-75
29    </queries>
30
31    <uses-permission android:name="android.permission.ACCESS_NETWORK_STATE" />
31-->[androidx.work:work-runtime:2.9.0] AndroidManifest.xml:24:5-79
31-->[androidx.work:work-runtime:2.9.0] AndroidManifest.xml:24:22-76
32
33    <permission
33-->[androidx.core:core:1.12.0] AndroidManifest.xml:22:5-24:47
34        android:name="com.smartsleep.alarm.DYNAMIC_RECEIVER_NOT_EXPORTED_PERMISSION"
34-->[androidx.core:core:1.12.0] AndroidManifest.xml:23:9-81
35        android:protectionLevel="signature" />
35-->[androidx.core:core:1.12.0] AndroidManifest.xml:24:9-44
36
37    <uses-permission android:name="com.smartsleep.alarm.DYNAMIC_RECEIVER_NOT_EXPORTED_PERMISSION" />
37-->[androidx.core:core:1.12.0] AndroidManifest.xml:26:5-97
37-->[androidx.core:core:1.12.0] AndroidManifest.xml:26:22-94
38
39    <application
39-->src\main\AndroidManifest.xml:21:5-72:19
40        android:name="com.smartsleep.alarm.SmartSleepApp"
40-->src\main\AndroidManifest.xml:22:9-38
41        android:allowBackup="true"
41-->src\main\AndroidManifest.xml:23:9-35
42        android:appComponentFactory="androidx.core.app.CoreComponentFactory"
42-->[androidx.core:core:1.12.0] AndroidManifest.xml:28:18-86
43        android:debuggable="true"
44        android:extractNativeLibs="false"
45        android:icon="@mipmap/ic_launcher"
45-->src\main\AndroidManifest.xml:24:9-43
46        android:label="@string/app_name"
46-->src\main\AndroidManifest.xml:25:9-41
47        android:supportsRtl="true"
47-->src\main\AndroidManifest.xml:26:9-35
48        android:testOnly="true"
49        android:theme="@android:style/Theme.DeviceDefault" >
49-->src\main\AndroidManifest.xml:27:9-59
50        <activity
50-->src\main\AndroidManifest.xml:29:9-37:20
51            android:name="com.smartsleep.alarm.ui.MainActivity"
51-->src\main\AndroidManifest.xml:30:13-44
52            android:exported="true"
52-->src\main\AndroidManifest.xml:31:13-36
53            android:theme="@android:style/Theme.DeviceDefault" >
53-->src\main\AndroidManifest.xml:32:13-63
54            <intent-filter>
54-->src\main\AndroidManifest.xml:33:13-36:29
55                <action android:name="android.intent.action.MAIN" />
55-->src\main\AndroidManifest.xml:34:17-69
55-->src\main\AndroidManifest.xml:34:25-66
56
57                <category android:name="android.intent.category.LAUNCHER" />
57-->src\main\AndroidManifest.xml:35:17-77
57-->src\main\AndroidManifest.xml:35:27-74
58            </intent-filter>
59        </activity>
60        <activity
60-->src\main\AndroidManifest.xml:39:9-44:66
61            android:name="com.smartsleep.alarm.ui.AlarmActivity"
61-->src\main\AndroidManifest.xml:40:13-45
62            android:exported="false"
62-->src\main\AndroidManifest.xml:41:13-37
63            android:showWhenLocked="true"
63-->src\main\AndroidManifest.xml:42:13-42
64            android:theme="@android:style/Theme.DeviceDefault"
64-->src\main\AndroidManifest.xml:44:13-63
65            android:turnScreenOn="true" />
65-->src\main\AndroidManifest.xml:43:13-40
66
67        <!-- Foreground Service for Monitoring Sleep -->
68        <service
68-->src\main\AndroidManifest.xml:47:9-51:54
69            android:name="com.smartsleep.alarm.service.SleepMonitorService"
69-->src\main\AndroidManifest.xml:48:13-56
70            android:enabled="true"
70-->src\main\AndroidManifest.xml:49:13-35
71            android:exported="false"
71-->src\main\AndroidManifest.xml:50:13-37
72            android:foregroundServiceType="health" />
72-->src\main\AndroidManifest.xml:51:13-51
73
74        <!-- Receiver for AlarmManager -->
75        <receiver
75-->src\main\AndroidManifest.xml:54:9-61:20
76            android:name="com.smartsleep.alarm.receiver.AlarmReceiver"
76-->src\main\AndroidManifest.xml:55:13-51
77            android:enabled="true"
77-->src\main\AndroidManifest.xml:56:13-35
78            android:exported="false" >
78-->src\main\AndroidManifest.xml:57:13-37
79            <intent-filter>
79-->src\main\AndroidManifest.xml:58:13-60:29
80                <action android:name="com.smartsleep.alarm.ACTION_ALARM" />
80-->src\main\AndroidManifest.xml:59:17-76
80-->src\main\AndroidManifest.xml:59:25-73
81            </intent-filter>
82        </receiver>
83        <receiver
83-->src\main\AndroidManifest.xml:63:9-70:20
84            android:name="com.smartsleep.alarm.receiver.BootReceiver"
84-->src\main\AndroidManifest.xml:64:13-50
85            android:enabled="true"
85-->src\main\AndroidManifest.xml:65:13-35
86            android:exported="false" >
86-->src\main\AndroidManifest.xml:66:13-37
87            <intent-filter>
87-->src\main\AndroidManifest.xml:67:13-69:29
88                <action android:name="android.intent.action.BOOT_COMPLETED" />
88-->src\main\AndroidManifest.xml:68:17-79
88-->src\main\AndroidManifest.xml:68:25-76
89            </intent-filter>
90        </receiver>
91
92        <service
92-->[androidx.health:health-services-client:1.1.0-alpha02] AndroidManifest.xml:24:9-31:19
93            android:name="androidx.health.services.client.VersionApiService"
93-->[androidx.health:health-services-client:1.1.0-alpha02] AndroidManifest.xml:25:13-77
94            android:exported="true"
94-->[androidx.health:health-services-client:1.1.0-alpha02] AndroidManifest.xml:26:13-36
95            android:permission="com.google.android.wearable.healthservices.permission.PASSIVE_DATA_BINDING" >
95-->[androidx.health:health-services-client:1.1.0-alpha02] AndroidManifest.xml:27:13-108
96            <intent-filter>
96-->[androidx.health:health-services-client:1.1.0-alpha02] AndroidManifest.xml:28:13-30:29
97                <action android:name="hs.versionclient.BIND" />
97-->[androidx.health:health-services-client:1.1.0-alpha02] AndroidManifest.xml:29:17-64
97-->[androidx.health:health-services-client:1.1.0-alpha02] AndroidManifest.xml:29:25-61
98            </intent-filter>
99        </service>
100
101        <activity
101-->[com.google.android.gms:play-services-base:18.0.1] AndroidManifest.xml:20:9-22:45
102            android:name="com.google.android.gms.common.api.GoogleApiActivity"
102-->[com.google.android.gms:play-services-base:18.0.1] AndroidManifest.xml:20:19-85
103            android:exported="false"
103-->[com.google.android.gms:play-services-base:18.0.1] AndroidManifest.xml:22:19-43
104            android:theme="@android:style/Theme.Translucent.NoTitleBar" />
104-->[com.google.android.gms:play-services-base:18.0.1] AndroidManifest.xml:21:19-78
105
106        <meta-data
106-->[com.google.android.gms:play-services-basement:18.0.0] AndroidManifest.xml:21:9-23:69
107            android:name="com.google.android.gms.version"
107-->[com.google.android.gms:play-services-basement:18.0.0] AndroidManifest.xml:22:13-58
108            android:value="@integer/google_play_services_version" />
108-->[com.google.android.gms:play-services-basement:18.0.0] AndroidManifest.xml:23:13-66
109
110        <provider
110-->[androidx.work:work-runtime:2.9.0] AndroidManifest.xml:29:9-37:20
111            android:name="androidx.startup.InitializationProvider"
111-->[androidx.work:work-runtime:2.9.0] AndroidManifest.xml:30:13-67
112            android:authorities="com.smartsleep.alarm.androidx-startup"
112-->[androidx.work:work-runtime:2.9.0] AndroidManifest.xml:31:13-68
113            android:exported="false" >
113-->[androidx.work:work-runtime:2.9.0] AndroidManifest.xml:32:13-37
114            <meta-data
114-->[androidx.work:work-runtime:2.9.0] AndroidManifest.xml:34:13-36:52
115                android:name="androidx.work.WorkManagerInitializer"
115-->[androidx.work:work-runtime:2.9.0] AndroidManifest.xml:35:17-68
116                android:value="androidx.startup" />
116-->[androidx.work:work-runtime:2.9.0] AndroidManifest.xml:36:17-49
117            <meta-data
117-->[androidx.emoji2:emoji2:1.3.0] AndroidManifest.xml:29:13-31:52
118                android:name="androidx.emoji2.text.EmojiCompatInitializer"
118-->[androidx.emoji2:emoji2:1.3.0] AndroidManifest.xml:30:17-75
119                android:value="androidx.startup" />
119-->[androidx.emoji2:emoji2:1.3.0] AndroidManifest.xml:31:17-49
120            <meta-data
120-->[androidx.lifecycle:lifecycle-process:2.7.0] AndroidManifest.xml:29:13-31:52
121                android:name="androidx.lifecycle.ProcessLifecycleInitializer"
121-->[androidx.lifecycle:lifecycle-process:2.7.0] AndroidManifest.xml:30:17-78
122                android:value="androidx.startup" />
122-->[androidx.lifecycle:lifecycle-process:2.7.0] AndroidManifest.xml:31:17-49
123            <meta-data
123-->[androidx.profileinstaller:profileinstaller:1.3.0] AndroidManifest.xml:29:13-31:52
124                android:name="androidx.profileinstaller.ProfileInstallerInitializer"
124-->[androidx.profileinstaller:profileinstaller:1.3.0] AndroidManifest.xml:30:17-85
125                android:value="androidx.startup" />
125-->[androidx.profileinstaller:profileinstaller:1.3.0] AndroidManifest.xml:31:17-49
126        </provider>
127
128        <service
128-->[androidx.work:work-runtime:2.9.0] AndroidManifest.xml:39:9-45:35
129            android:name="androidx.work.impl.background.systemalarm.SystemAlarmService"
129-->[androidx.work:work-runtime:2.9.0] AndroidManifest.xml:40:13-88
130            android:directBootAware="false"
130-->[androidx.work:work-runtime:2.9.0] AndroidManifest.xml:41:13-44
131            android:enabled="@bool/enable_system_alarm_service_default"
131-->[androidx.work:work-runtime:2.9.0] AndroidManifest.xml:42:13-72
132            android:exported="false" />
132-->[androidx.work:work-runtime:2.9.0] AndroidManifest.xml:43:13-37
133        <service
133-->[androidx.work:work-runtime:2.9.0] AndroidManifest.xml:46:9-52:35
134            android:name="androidx.work.impl.background.systemjob.SystemJobService"
134-->[androidx.work:work-runtime:2.9.0] AndroidManifest.xml:47:13-84
135            android:directBootAware="false"
135-->[androidx.work:work-runtime:2.9.0] AndroidManifest.xml:48:13-44
136            android:enabled="@bool/enable_system_job_service_default"
136-->[androidx.work:work-runtime:2.9.0] AndroidManifest.xml:49:13-70
137            android:exported="true"
137-->[androidx.work:work-runtime:2.9.0] AndroidManifest.xml:50:13-36
138            android:permission="android.permission.BIND_JOB_SERVICE" />
138-->[androidx.work:work-runtime:2.9.0] AndroidManifest.xml:51:13-69
139        <service
139-->[androidx.work:work-runtime:2.9.0] AndroidManifest.xml:53:9-59:35
140            android:name="androidx.work.impl.foreground.SystemForegroundService"
140-->[androidx.work:work-runtime:2.9.0] AndroidManifest.xml:54:13-81
141            android:directBootAware="false"
141-->[androidx.work:work-runtime:2.9.0] AndroidManifest.xml:55:13-44
142            android:enabled="@bool/enable_system_foreground_service_default"
142-->[androidx.work:work-runtime:2.9.0] AndroidManifest.xml:56:13-77
143            android:exported="false" />
143-->[androidx.work:work-runtime:2.9.0] AndroidManifest.xml:57:13-37
144
145        <receiver
145-->[androidx.work:work-runtime:2.9.0] AndroidManifest.xml:61:9-66:35
146            android:name="androidx.work.impl.utils.ForceStopRunnable$BroadcastReceiver"
146-->[androidx.work:work-runtime:2.9.0] AndroidManifest.xml:62:13-88
147            android:directBootAware="false"
147-->[androidx.work:work-runtime:2.9.0] AndroidManifest.xml:63:13-44
148            android:enabled="true"
148-->[androidx.work:work-runtime:2.9.0] AndroidManifest.xml:64:13-35
149            android:exported="false" />
149-->[androidx.work:work-runtime:2.9.0] AndroidManifest.xml:65:13-37
150        <receiver
150-->[androidx.work:work-runtime:2.9.0] AndroidManifest.xml:67:9-77:20
151            android:name="androidx.work.impl.background.systemalarm.ConstraintProxy$BatteryChargingProxy"
151-->[androidx.work:work-runtime:2.9.0] AndroidManifest.xml:68:13-106
152            android:directBootAware="false"
152-->[androidx.work:work-runtime:2.9.0] AndroidManifest.xml:69:13-44
153            android:enabled="false"
153-->[androidx.work:work-runtime:2.9.0] AndroidManifest.xml:70:13-36
154            android:exported="false" >
154-->[androidx.work:work-runtime:2.9.0] AndroidManifest.xml:71:13-37
155            <intent-filter>
155-->[androidx.work:work-runtime:2.9.0] AndroidManifest.xml:73:13-76:29
156                <action android:name="android.intent.action.ACTION_POWER_CONNECTED" />
156-->[androidx.work:work-runtime:2.9.0] AndroidManifest.xml:74:17-87
156-->[androidx.work:work-runtime:2.9.0] AndroidManifest.xml:74:25-84
157                <action android:name="android.intent.action.ACTION_POWER_DISCONNECTED" />
157-->[androidx.work:work-runtime:2.9.0] AndroidManifest.xml:75:17-90
157-->[androidx.work:work-runtime:2.9.0] AndroidManifest.xml:75:25-87
158            </intent-filter>
159        </receiver>
160        <receiver
160-->[androidx.work:work-runtime:2.9.0] AndroidManifest.xml:78:9-88:20
161            android:name="androidx.work.impl.background.systemalarm.ConstraintProxy$BatteryNotLowProxy"
161-->[androidx.work:work-runtime:2.9.0] AndroidManifest.xml:79:13-104
162            android:directBootAware="false"
162-->[androidx.work:work-runtime:2.9.0] AndroidManifest.xml:80:13-44
163            android:enabled="false"
163-->[androidx.work:work-runtime:2.9.0] AndroidManifest.xml:81:13-36
164            android:exported="false" >
164-->[androidx.work:work-runtime:2.9.0] AndroidManifest.xml:82:13-37
165            <intent-filter>
165-->[androidx.work:work-runtime:2.9.0] AndroidManifest.xml:84:13-87:29
166                <action android:name="android.intent.action.BATTERY_OKAY" />
166-->[androidx.work:work-runtime:2.9.0] AndroidManifest.xml:85:17-77
166-->[androidx.work:work-runtime:2.9.0] AndroidManifest.xml:85:25-74
167                <action android:name="android.intent.action.BATTERY_LOW" />
167-->[androidx.work:work-runtime:2.9.0] AndroidManifest.xml:86:17-76
167-->[androidx.work:work-runtime:2.9.0] AndroidManifest.xml:86:25-73
168            </intent-filter>
169        </receiver>
170        <receiver
170-->[androidx.work:work-runtime:2.9.0] AndroidManifest.xml:89:9-99:20
171            android:name="androidx.work.impl.background.systemalarm.ConstraintProxy$StorageNotLowProxy"
171-->[androidx.work:work-runtime:2.9.0] AndroidManifest.xml:90:13-104
172            android:directBootAware="false"
172-->[androidx.work:work-runtime:2.9.0] AndroidManifest.xml:91:13-44
173            android:enabled="false"
173-->[androidx.work:work-runtime:2.9.0] AndroidManifest.xml:92:13-36
174            android:exported="false" >
174-->[androidx.work:work-runtime:2.9.0] AndroidManifest.xml:93:13-37
175            <intent-filter>
175-->[androidx.work:work-runtime:2.9.0] AndroidManifest.xml:95:13-98:29
176                <action android:name="android.intent.action.DEVICE_STORAGE_LOW" />
176-->[androidx.work:work-runtime:2.9.0] AndroidManifest.xml:96:17-83
176-->[androidx.work:work-runtime:2.9.0] AndroidManifest.xml:96:25-80
177                <action android:name="android.intent.action.DEVICE_STORAGE_OK" />
177-->[androidx.work:work-runtime:2.9.0] AndroidManifest.xml:97:17-82
177-->[androidx.work:work-runtime:2.9.0] AndroidManifest.xml:97:25-79
178            </intent-filter>
179        </receiver>
180        <receiver
180-->[androidx.work:work-runtime:2.9.0] AndroidManifest.xml:100:9-109:20
181            android:name="androidx.work.impl.background.systemalarm.ConstraintProxy$NetworkStateProxy"
181-->[androidx.work:work-runtime:2.9.0] AndroidManifest.xml:101:13-103
182            android:directBootAware="false"
182-->[androidx.work:work-runtime:2.9.0] AndroidManifest.xml:102:13-44
183            android:enabled="false"
183-->[androidx.work:work-runtime:2.9.0] AndroidManifest.xml:103:13-36
184            android:exported="false" >
184-->[androidx.work:work-runtime:2.9.0] AndroidManifest.xml:104:13-37
185            <intent-filter>
185-->[androidx.work:work-runtime:2.9.0] AndroidManifest.xml:106:13-108:29
186                <action android:name="android.net.conn.CONNECTIVITY_CHANGE" />
186-->[androidx.work:work-runtime:2.9.0] AndroidManifest.xml:107:17-79
186-->[androidx.work:work-runtime:2.9.0] AndroidManifest.xml:107:25-76
187            </intent-filter>
188        </receiver>
189        <receiver
189-->[androidx.work:work-runtime:2.9.0] AndroidManifest.xml:110:9-121:20
190            android:name="androidx.work.impl.background.systemalarm.RescheduleReceiver"
190-->[androidx.work:work-runtime:2.9.0] AndroidManifest.xml:111:13-88
191            android:directBootAware="false"
191-->[androidx.work:work-runtime:2.9.0] AndroidManifest.xml:112:13-44
192            android:enabled="false"
192-->[androidx.work:work-runtime:2.9.0] AndroidManifest.xml:113:13-36
193            android:exported="false" >
193-->[androidx.work:work-runtime:2.9.0] AndroidManifest.xml:114:13-37
194            <intent-filter>
194-->[androidx.work:work-runtime:2.9.0] AndroidManifest.xml:116:13-120:29
195                <action android:name="android.intent.action.BOOT_COMPLETED" />
195-->src\main\AndroidManifest.xml:68:17-79
195-->src\main\AndroidManifest.xml:68:25-76
196                <action android:name="android.intent.action.TIME_SET" />
196-->[androidx.work:work-runtime:2.9.0] AndroidManifest.xml:118:17-73
196-->[androidx.work:work-runtime:2.9.0] AndroidManifest.xml:118:25-70
197                <action android:name="android.intent.action.TIMEZONE_CHANGED" />
197-->[androidx.work:work-runtime:2.9.0] AndroidManifest.xml:119:17-81
197-->[androidx.work:work-runtime:2.9.0] AndroidManifest.xml:119:25-78
198            </intent-filter>
199        </receiver>
200        <receiver
200-->[androidx.work:work-runtime:2.9.0] AndroidManifest.xml:122:9-131:20
201            android:name="androidx.work.impl.background.systemalarm.ConstraintProxyUpdateReceiver"
201-->[androidx.work:work-runtime:2.9.0] AndroidManifest.xml:123:13-99
202            android:directBootAware="false"
202-->[androidx.work:work-runtime:2.9.0] AndroidManifest.xml:124:13-44
203            android:enabled="@bool/enable_system_alarm_service_default"
203-->[androidx.work:work-runtime:2.9.0] AndroidManifest.xml:125:13-72
204            android:exported="false" >
204-->[androidx.work:work-runtime:2.9.0] AndroidManifest.xml:126:13-37
205            <intent-filter>
205-->[androidx.work:work-runtime:2.9.0] AndroidManifest.xml:128:13-130:29
206                <action android:name="androidx.work.impl.background.systemalarm.UpdateProxies" />
206-->[androidx.work:work-runtime:2.9.0] AndroidManifest.xml:129:17-98
206-->[androidx.work:work-runtime:2.9.0] AndroidManifest.xml:129:25-95
207            </intent-filter>
208        </receiver>
209        <receiver
209-->[androidx.work:work-runtime:2.9.0] AndroidManifest.xml:132:9-142:20
210            android:name="androidx.work.impl.diagnostics.DiagnosticsReceiver"
210-->[androidx.work:work-runtime:2.9.0] AndroidManifest.xml:133:13-78
211            android:directBootAware="false"
211-->[androidx.work:work-runtime:2.9.0] AndroidManifest.xml:134:13-44
212            android:enabled="true"
212-->[androidx.work:work-runtime:2.9.0] AndroidManifest.xml:135:13-35
213            android:exported="true"
213-->[androidx.work:work-runtime:2.9.0] AndroidManifest.xml:136:13-36
214            android:permission="android.permission.DUMP" >
214-->[androidx.work:work-runtime:2.9.0] AndroidManifest.xml:137:13-57
215            <intent-filter>
215-->[androidx.work:work-runtime:2.9.0] AndroidManifest.xml:139:13-141:29
216                <action android:name="androidx.work.diagnostics.REQUEST_DIAGNOSTICS" />
216-->[androidx.work:work-runtime:2.9.0] AndroidManifest.xml:140:17-88
216-->[androidx.work:work-runtime:2.9.0] AndroidManifest.xml:140:25-85
217            </intent-filter>
218        </receiver>
219
220        <service
220-->[androidx.room:room-runtime:2.5.0] AndroidManifest.xml:24:9-28:63
221            android:name="androidx.room.MultiInstanceInvalidationService"
221-->[androidx.room:room-runtime:2.5.0] AndroidManifest.xml:25:13-74
222            android:directBootAware="true"
222-->[androidx.room:room-runtime:2.5.0] AndroidManifest.xml:26:13-43
223            android:exported="false" />
223-->[androidx.room:room-runtime:2.5.0] AndroidManifest.xml:27:13-37
224
225        <receiver
225-->[androidx.profileinstaller:profileinstaller:1.3.0] AndroidManifest.xml:34:9-52:20
226            android:name="androidx.profileinstaller.ProfileInstallReceiver"
226-->[androidx.profileinstaller:profileinstaller:1.3.0] AndroidManifest.xml:35:13-76
227            android:directBootAware="false"
227-->[androidx.profileinstaller:profileinstaller:1.3.0] AndroidManifest.xml:36:13-44
228            android:enabled="true"
228-->[androidx.profileinstaller:profileinstaller:1.3.0] AndroidManifest.xml:37:13-35
229            android:exported="true"
229-->[androidx.profileinstaller:profileinstaller:1.3.0] AndroidManifest.xml:38:13-36
230            android:permission="android.permission.DUMP" >
230-->[androidx.profileinstaller:profileinstaller:1.3.0] AndroidManifest.xml:39:13-57
231            <intent-filter>
231-->[androidx.profileinstaller:profileinstaller:1.3.0] AndroidManifest.xml:40:13-42:29
232                <action android:name="androidx.profileinstaller.action.INSTALL_PROFILE" />
232-->[androidx.profileinstaller:profileinstaller:1.3.0] AndroidManifest.xml:41:17-91
232-->[androidx.profileinstaller:profileinstaller:1.3.0] AndroidManifest.xml:41:25-88
233            </intent-filter>
234            <intent-filter>
234-->[androidx.profileinstaller:profileinstaller:1.3.0] AndroidManifest.xml:43:13-45:29
235                <action android:name="androidx.profileinstaller.action.SKIP_FILE" />
235-->[androidx.profileinstaller:profileinstaller:1.3.0] AndroidManifest.xml:44:17-85
235-->[androidx.profileinstaller:profileinstaller:1.3.0] AndroidManifest.xml:44:25-82
236            </intent-filter>
237            <intent-filter>
237-->[androidx.profileinstaller:profileinstaller:1.3.0] AndroidManifest.xml:46:13-48:29
238                <action android:name="androidx.profileinstaller.action.SAVE_PROFILE" />
238-->[androidx.profileinstaller:profileinstaller:1.3.0] AndroidManifest.xml:47:17-88
238-->[androidx.profileinstaller:profileinstaller:1.3.0] AndroidManifest.xml:47:25-85
239            </intent-filter>
240            <intent-filter>
240-->[androidx.profileinstaller:profileinstaller:1.3.0] AndroidManifest.xml:49:13-51:29
241                <action android:name="androidx.profileinstaller.action.BENCHMARK_OPERATION" />
241-->[androidx.profileinstaller:profileinstaller:1.3.0] AndroidManifest.xml:50:17-95
241-->[androidx.profileinstaller:profileinstaller:1.3.0] AndroidManifest.xml:50:25-92
242            </intent-filter>
243        </receiver>
244    </application>
245
246</manifest>